<?xml version="1.0" encoding="UTF-8"?>
<testng-results ignored="0" total="2" passed="2" failed="0" skipped="0">
  <reporter-output>
  </reporter-output>
  <suite started-at="2022-02-19T19:54:41 SGT" name="Suite" finished-at="2022-02-19T19:54:43 SGT" duration-ms="2680">
    <groups>
    </groups>
    <test started-at="2022-02-19T19:54:41 SGT" name="Test" finished-at="2022-02-19T19:54:43 SGT" duration-ms="2680">
      <class name="com.devops.NewTest">
        <test-method is-config="true" signature="beforeTest()[pri:0, instance:com.devops.NewTest@6bf0219d]" started-at="2022-02-19T19:54:41 SGT" name="beforeTest" finished-at="2022-02-19T19:54:42 SGT" duration-ms="1187" status="PASS">
          <reporter-output>
          </reporter-output>
        </test-method> <!-- beforeTest -->
        <test-method signature="checkId()[pri:0, instance:com.devops.NewTest@6bf0219d]" started-at="2022-02-19T19:54:42 SGT" name="checkId" finished-at="2022-02-19T19:54:43 SGT" duration-ms="655" status="PASS">
          <reporter-output>
          </reporter-output>
        </test-method> <!-- checkId -->
        <test-method signature="checkTitle()[pri:0, instance:com.devops.NewTest@6bf0219d]" started-at="2022-02-19T19:54:43 SGT" name="checkTitle" finished-at="2022-02-19T19:54:43 SGT" duration-ms="706" status="PASS">
          <reporter-output>
          </reporter-output>
        </test-method> <!-- checkTitle -->
        <test-method is-config="true" signature="afterTest()[pri:0, instance:com.devops.NewTest@6bf0219d]" started-at="2022-02-19T19:54:43 SGT" name="afterTest" finished-at="2022-02-19T19:54:43 SGT" duration-ms="106" status="PASS">
          <reporter-output>
          </reporter-output>
        </test-method> <!-- afterTest -->
      </class> <!-- com.devops.NewTest -->
    </test> <!-- Test -->
  </suite> <!-- Suite -->
</testng-results>
